<?xml version="1.0" encoding="UTF-8"?>
<testng-results ignored="0" total="10" passed="10" failed="0" skipped="0">
  <reporter-output>
  </reporter-output>
  <suite started-at="2026-07-20T07:20:33 IST" name="Suite" finished-at="2026-07-20T07:23:55 IST" duration-ms="201727">
    <groups>
      <group name="Regression">
        <method signature="LoginTest.verifyUserIsAbleToLoginUsingValidCredentials()[pri:0, instance:testscript.LoginTest@50f6ac94]" name="verifyUserIsAbleToLoginUsingValidCredentials" class="testscript.LoginTest"/>
      </group> <!-- Regression -->
    </groups>
    <test started-at="2026-07-20T07:20:33 IST" name="Test" finished-at="2026-07-20T07:23:55 IST" duration-ms="201727">
      <class name="testscript.ManageNewsTest">
        <test-method is-config="true" signature="initilizeBrowser(java.lang.String)[pri:0, instance:testscript.ManageNewsTest@18f8cd79]" started-at="2026-07-20T07:20:46 IST" name="initilizeBrowser" finished-at="2026-07-20T07:20:53 IST" duration-ms="7396" status="PASS">
          <params>
            <param index="0">
              <value>
                <![CDATA[chrome]]>
              </value>
            </param>
          </params>
          <reporter-output>
          </reporter-output>
        </test-method> <!-- initilizeBrowser -->
        <test-method signature="verifyUserIsAbleToEnterNewNews()[pri:0, instance:testscript.ManageNewsTest@18f8cd79]" started-at="2026-07-20T07:20:53 IST" name="verifyUserIsAbleToEnterNewNews" description="Testcase used to check user is able to add new news" finished-at="2026-07-20T07:21:00 IST" duration-ms="6517" status="PASS">
          <reporter-output>
          </reporter-output>
        </test-method> <!-- verifyUserIsAbleToEnterNewNews -->
        <test-method is-config="true" signature="browserQuit(org.testng.ITestResult)[pri:0, instance:testscript.ManageNewsTest@18f8cd79]" started-at="2026-07-20T07:21:00 IST" name="browserQuit" finished-at="2026-07-20T07:21:00 IST" duration-ms="1" status="PASS">
          <params>
            <param index="0">
              <value>
                <![CDATA[[TestResult name=verifyUserIsAbleToEnterNewNews status=SUCCESS method=ManageNewsTest.verifyUserIsAbleToEnterNewNews()[pri:0, instance:testscript.ManageNewsTest@18f8cd79] output={null}]]]>
              </value>
            </param>
          </params>
          <reporter-output>
          </reporter-output>
        </test-method> <!-- browserQuit -->
      </class> <!-- testscript.ManageNewsTest -->
      <class name="testscript.CategoryTest">
        <test-method is-config="true" signature="initilizeBrowser(java.lang.String)[pri:0, instance:testscript.CategoryTest@e3b3b2f]" started-at="2026-07-20T07:21:53 IST" name="initilizeBrowser" finished-at="2026-07-20T07:21:58 IST" duration-ms="5210" status="PASS">
          <params>
            <param index="0">
              <value>
                <![CDATA[chrome]]>
              </value>
            </param>
          </params>
          <reporter-output>
          </reporter-output>
        </test-method> <!-- initilizeBrowser -->
        <test-method signature="userIsAbleToAddNewCategory()[pri:0, instance:testscript.CategoryTest@e3b3b2f]" started-at="2026-07-20T07:21:58 IST" name="userIsAbleToAddNewCategory" description="Testcase used to check user is able to add new category" finished-at="2026-07-20T07:22:08 IST" duration-ms="9166" status="PASS">
          <reporter-output>
          </reporter-output>
        </test-method> <!-- userIsAbleToAddNewCategory -->
        <test-method is-config="true" signature="browserQuit(org.testng.ITestResult)[pri:0, instance:testscript.CategoryTest@e3b3b2f]" started-at="2026-07-20T07:22:08 IST" name="browserQuit" finished-at="2026-07-20T07:22:08 IST" duration-ms="2" status="PASS">
          <params>
            <param index="0">
              <value>
                <![CDATA[[TestResult name=userIsAbleToAddNewCategory status=SUCCESS method=CategoryTest.userIsAbleToAddNewCategory()[pri:0, instance:testscript.CategoryTest@e3b3b2f] output={null}]]]>
              </value>
            </param>
          </params>
          <reporter-output>
          </reporter-output>
        </test-method> <!-- browserQuit -->
      </class> <!-- testscript.CategoryTest -->
      <class name="testscript.ManageLocationTest">
        <test-method is-config="true" signature="initilizeBrowser(java.lang.String)[pri:0, instance:testscript.ManageLocationTest@3e2055d6]" started-at="2026-07-20T07:21:00 IST" name="initilizeBrowser" finished-at="2026-07-20T07:21:14 IST" duration-ms="14010" status="PASS">
          <params>
            <param index="0">
              <value>
                <![CDATA[chrome]]>
              </value>
            </param>
          </params>
          <reporter-output>
          </reporter-output>
        </test-method> <!-- initilizeBrowser -->
        <test-method signature="userIsAbleToAddNewLocation()[pri:0, instance:testscript.ManageLocationTest@3e2055d6]" started-at="2026-07-20T07:21:14 IST" name="userIsAbleToAddNewLocation" description="Testcase used to check user is able to add new location" finished-at="2026-07-20T07:21:33 IST" duration-ms="18943" status="PASS">
          <reporter-output>
          </reporter-output>
        </test-method> <!-- userIsAbleToAddNewLocation -->
        <test-method is-config="true" signature="browserQuit(org.testng.ITestResult)[pri:0, instance:testscript.ManageLocationTest@3e2055d6]" started-at="2026-07-20T07:21:33 IST" name="browserQuit" finished-at="2026-07-20T07:21:33 IST" duration-ms="1" status="PASS">
          <params>
            <param index="0">
              <value>
                <![CDATA[[TestResult name=userIsAbleToAddNewLocation status=SUCCESS method=ManageLocationTest.userIsAbleToAddNewLocation()[pri:0, instance:testscript.ManageLocationTest@3e2055d6] output={null}]]]>
              </value>
            </param>
          </params>
          <reporter-output>
          </reporter-output>
        </test-method> <!-- browserQuit -->
      </class> <!-- testscript.ManageLocationTest -->
      <class name="testscript.HomePageTest">
        <test-method is-config="true" signature="initilizeBrowser(java.lang.String)[pri:0, instance:testscript.HomePageTest@6cc4cdb9]" started-at="2026-07-20T07:23:15 IST" name="initilizeBrowser" finished-at="2026-07-20T07:23:35 IST" duration-ms="20762" status="PASS">
          <params>
            <param index="0">
              <value>
                <![CDATA[chrome]]>
              </value>
            </param>
          </params>
          <reporter-output>
          </reporter-output>
        </test-method> <!-- initilizeBrowser -->
        <test-method signature="verifyWhetherTheUserIsAbleToLogout()[pri:0, instance:testscript.HomePageTest@6cc4cdb9]" started-at="2026-07-20T07:23:35 IST" name="verifyWhetherTheUserIsAbleToLogout" description="Testcase used to check user is able to logout after login with valid username and password" finished-at="2026-07-20T07:23:55 IST" duration-ms="19617" status="PASS">
          <reporter-output>
          </reporter-output>
        </test-method> <!-- verifyWhetherTheUserIsAbleToLogout -->
        <test-method is-config="true" signature="browserQuit(org.testng.ITestResult)[pri:0, instance:testscript.HomePageTest@6cc4cdb9]" started-at="2026-07-20T07:23:55 IST" name="browserQuit" finished-at="2026-07-20T07:23:55 IST" duration-ms="1" status="PASS">
          <params>
            <param index="0">
              <value>
                <![CDATA[[TestResult name=verifyWhetherTheUserIsAbleToLogout status=SUCCESS method=HomePageTest.verifyWhetherTheUserIsAbleToLogout()[pri:0, instance:testscript.HomePageTest@6cc4cdb9] output={null}]]]>
              </value>
            </param>
          </params>
          <reporter-output>
          </reporter-output>
        </test-method> <!-- browserQuit -->
      </class> <!-- testscript.HomePageTest -->
      <class name="testscript.AdminUserTest">
        <test-method is-config="true" signature="initilizeBrowser(java.lang.String)[pri:0, instance:testscript.AdminUserTest@50029372]" started-at="2026-07-20T07:21:33 IST" name="initilizeBrowser" finished-at="2026-07-20T07:21:46 IST" duration-ms="13322" status="PASS">
          <params>
            <param index="0">
              <value>
                <![CDATA[chrome]]>
              </value>
            </param>
          </params>
          <reporter-output>
          </reporter-output>
        </test-method> <!-- initilizeBrowser -->
        <test-method signature="verifyUserIsAbleCreateNewUserProfile()[pri:0, instance:testscript.AdminUserTest@50029372]" started-at="2026-07-20T07:21:46 IST" name="verifyUserIsAbleCreateNewUserProfile" description="Testcase used to check user is able to add new user details" finished-at="2026-07-20T07:21:53 IST" duration-ms="6959" status="PASS">
          <reporter-output>
          </reporter-output>
        </test-method> <!-- verifyUserIsAbleCreateNewUserProfile -->
        <test-method is-config="true" signature="browserQuit(org.testng.ITestResult)[pri:0, instance:testscript.AdminUserTest@50029372]" started-at="2026-07-20T07:21:53 IST" name="browserQuit" finished-at="2026-07-20T07:21:53 IST" duration-ms="1" status="PASS">
          <params>
            <param index="0">
              <value>
                <![CDATA[[TestResult name=verifyUserIsAbleCreateNewUserProfile status=SUCCESS method=AdminUserTest.verifyUserIsAbleCreateNewUserProfile()[pri:0, instance:testscript.AdminUserTest@50029372] output={null}]]]>
              </value>
            </param>
          </params>
          <reporter-output>
          </reporter-output>
        </test-method> <!-- browserQuit -->
      </class> <!-- testscript.AdminUserTest -->
      <class name="testscript.MobileSliderTest">
        <test-method is-config="true" signature="initilizeBrowser(java.lang.String)[pri:0, instance:testscript.MobileSliderTest@24c1b2d2]" started-at="2026-07-20T07:20:33 IST" name="initilizeBrowser" finished-at="2026-07-20T07:20:40 IST" duration-ms="6704" status="PASS">
          <params>
            <param index="0">
              <value>
                <![CDATA[chrome]]>
              </value>
            </param>
          </params>
          <reporter-output>
          </reporter-output>
        </test-method> <!-- initilizeBrowser -->
        <test-method signature="UserIsAbleToCreateNewMobileSlider()[pri:0, instance:testscript.MobileSliderTest@24c1b2d2]" started-at="2026-07-20T07:20:40 IST" name="UserIsAbleToCreateNewMobileSlider" description="Testcase used to check user is able to add new slider" finished-at="2026-07-20T07:20:46 IST" duration-ms="5927" status="PASS">
          <reporter-output>
          </reporter-output>
        </test-method> <!-- UserIsAbleToCreateNewMobileSlider -->
        <test-method is-config="true" signature="browserQuit(org.testng.ITestResult)[pri:0, instance:testscript.MobileSliderTest@24c1b2d2]" started-at="2026-07-20T07:20:46 IST" name="browserQuit" finished-at="2026-07-20T07:20:46 IST" duration-ms="3" status="PASS">
          <params>
            <param index="0">
              <value>
                <![CDATA[[TestResult name=UserIsAbleToCreateNewMobileSlider status=SUCCESS method=MobileSliderTest.UserIsAbleToCreateNewMobileSlider()[pri:0, instance:testscript.MobileSliderTest@24c1b2d2] output={null}]]]>
              </value>
            </param>
          </params>
          <reporter-output>
          </reporter-output>
        </test-method> <!-- browserQuit -->
      </class> <!-- testscript.MobileSliderTest -->
      <class name="testscript.LoginTest">
        <test-method is-config="true" signature="initilizeBrowser(java.lang.String)[pri:0, instance:testscript.LoginTest@50f6ac94]" started-at="2026-07-20T07:22:08 IST" name="initilizeBrowser" finished-at="2026-07-20T07:22:32 IST" duration-ms="24066" status="PASS">
          <params>
            <param index="0">
              <value>
                <![CDATA[chrome]]>
              </value>
            </param>
          </params>
          <reporter-output>
          </reporter-output>
        </test-method> <!-- initilizeBrowser -->
        <test-method signature="verifyUserIsAbleToLoginUsingValidCredentials()[pri:0, instance:testscript.LoginTest@50f6ac94]" started-at="2026-07-20T07:22:32 IST" name="verifyUserIsAbleToLoginUsingValidCredentials" description="Testcase used to check user is able to login with valid username and password" finished-at="2026-07-20T07:22:35 IST" duration-ms="3031" status="PASS">
          <reporter-output>
          </reporter-output>
        </test-method> <!-- verifyUserIsAbleToLoginUsingValidCredentials -->
        <test-method is-config="true" signature="browserQuit(org.testng.ITestResult)[pri:0, instance:testscript.LoginTest@50f6ac94]" started-at="2026-07-20T07:22:35 IST" name="browserQuit" finished-at="2026-07-20T07:22:35 IST" duration-ms="3" status="PASS">
          <params>
            <param index="0">
              <value>
                <![CDATA[[TestResult name=verifyUserIsAbleToLoginUsingValidCredentials status=SUCCESS method=LoginTest.verifyUserIsAbleToLoginUsingValidCredentials()[pri:0, instance:testscript.LoginTest@50f6ac94] output={null}]]]>
              </value>
            </param>
          </params>
          <reporter-output>
          </reporter-output>
        </test-method> <!-- browserQuit -->
        <test-method is-config="true" signature="initilizeBrowser(java.lang.String)[pri:0, instance:testscript.LoginTest@50f6ac94]" started-at="2026-07-20T07:22:35 IST" name="initilizeBrowser" finished-at="2026-07-20T07:22:50 IST" duration-ms="15303" status="PASS">
          <params>
            <param index="0">
              <value>
                <![CDATA[chrome]]>
              </value>
            </param>
          </params>
          <reporter-output>
          </reporter-output>
        </test-method> <!-- initilizeBrowser -->
        <test-method signature="verifyUserIsAbleToLoginWithInValidCredentials()[pri:0, instance:testscript.LoginTest@50f6ac94]" started-at="2026-07-20T07:22:50 IST" name="verifyUserIsAbleToLoginWithInValidCredentials" description="Testcase used to check user is able to login with invalid username and password" finished-at="2026-07-20T07:22:52 IST" duration-ms="2111" status="PASS">
          <reporter-output>
          </reporter-output>
        </test-method> <!-- verifyUserIsAbleToLoginWithInValidCredentials -->
        <test-method is-config="true" signature="browserQuit(org.testng.ITestResult)[pri:0, instance:testscript.LoginTest@50f6ac94]" started-at="2026-07-20T07:22:52 IST" name="browserQuit" finished-at="2026-07-20T07:22:52 IST" duration-ms="1" status="PASS">
          <params>
            <param index="0">
              <value>
                <![CDATA[[TestResult name=verifyUserIsAbleToLoginWithInValidCredentials status=SUCCESS method=LoginTest.verifyUserIsAbleToLoginWithInValidCredentials()[pri:0, instance:testscript.LoginTest@50f6ac94] output={null}]]]>
              </value>
            </param>
          </params>
          <reporter-output>
          </reporter-output>
        </test-method> <!-- browserQuit -->
        <test-method is-config="true" signature="initilizeBrowser(java.lang.String)[pri:0, instance:testscript.LoginTest@50f6ac94]" started-at="2026-07-20T07:22:52 IST" name="initilizeBrowser" finished-at="2026-07-20T07:23:06 IST" duration-ms="14021" status="PASS">
          <params>
            <param index="0">
              <value>
                <![CDATA[chrome]]>
              </value>
            </param>
          </params>
          <reporter-output>
          </reporter-output>
        </test-method> <!-- initilizeBrowser -->
        <test-method signature="verifyUserIsAbleToLoginWithIncorrectPassword()[pri:0, instance:testscript.LoginTest@50f6ac94]" started-at="2026-07-20T07:23:06 IST" name="verifyUserIsAbleToLoginWithIncorrectPassword" description="Testcase used to check user is able to login with valid username and invalid password" finished-at="2026-07-20T07:23:08 IST" duration-ms="1424" status="PASS">
          <reporter-output>
          </reporter-output>
        </test-method> <!-- verifyUserIsAbleToLoginWithIncorrectPassword -->
        <test-method is-config="true" signature="browserQuit(org.testng.ITestResult)[pri:0, instance:testscript.LoginTest@50f6ac94]" started-at="2026-07-20T07:23:08 IST" name="browserQuit" finished-at="2026-07-20T07:23:08 IST" duration-ms="3" status="PASS">
          <params>
            <param index="0">
              <value>
                <![CDATA[[TestResult name=verifyUserIsAbleToLoginWithIncorrectPassword status=SUCCESS method=LoginTest.verifyUserIsAbleToLoginWithIncorrectPassword()[pri:0, instance:testscript.LoginTest@50f6ac94] output={null}]]]>
              </value>
            </param>
          </params>
          <reporter-output>
          </reporter-output>
        </test-method> <!-- browserQuit -->
        <test-method is-config="true" signature="initilizeBrowser(java.lang.String)[pri:0, instance:testscript.LoginTest@50f6ac94]" started-at="2026-07-20T07:23:08 IST" name="initilizeBrowser" finished-at="2026-07-20T07:23:13 IST" duration-ms="4878" status="PASS">
          <params>
            <param index="0">
              <value>
                <![CDATA[chrome]]>
              </value>
            </param>
          </params>
          <reporter-output>
          </reporter-output>
        </test-method> <!-- initilizeBrowser -->
        <test-method signature="verifyUserIsAbleToLoginWithIncorrectUsername()[pri:0, instance:testscript.LoginTest@50f6ac94]" started-at="2026-07-20T07:23:13 IST" name="verifyUserIsAbleToLoginWithIncorrectUsername" description="Testcase used to check user is able to login with invalid username and valid password" finished-at="2026-07-20T07:23:15 IST" duration-ms="2094" status="PASS">
          <reporter-output>
          </reporter-output>
        </test-method> <!-- verifyUserIsAbleToLoginWithIncorrectUsername -->
        <test-method is-config="true" signature="browserQuit(org.testng.ITestResult)[pri:0, instance:testscript.LoginTest@50f6ac94]" started-at="2026-07-20T07:23:15 IST" name="browserQuit" finished-at="2026-07-20T07:23:15 IST" duration-ms="1" status="PASS">
          <params>
            <param index="0">
              <value>
                <![CDATA[[TestResult name=verifyUserIsAbleToLoginWithIncorrectUsername status=SUCCESS method=LoginTest.verifyUserIsAbleToLoginWithIncorrectUsername()[pri:0, instance:testscript.LoginTest@50f6ac94] output={null}]]]>
              </value>
            </param>
          </params>
          <reporter-output>
          </reporter-output>
        </test-method> <!-- browserQuit -->
      </class> <!-- testscript.LoginTest -->
    </test> <!-- Test -->
  </suite> <!-- Suite -->
</testng-results>
