<?xml version="1.0" encoding="UTF-8"?>
<testng-results ignored="0" total="1" passed="1" failed="0" skipped="0">
  <reporter-output>
  </reporter-output>
  <suite started-at="2026-07-10T01:03:13 IST" name="Suite" finished-at="2026-07-10T01:03:26 IST" duration-ms="12581">
    <groups>
    </groups>
    <test started-at="2026-07-10T01:03:13 IST" name="Test" finished-at="2026-07-10T01:03:26 IST" duration-ms="12581">
      <class name="testscript.LogoutTest">
        <test-method is-config="true" signature="initilizeBrowser(java.lang.String)[pri:0, instance:testscript.LogoutTest@73a1e9a9]" started-at="2026-07-10T01:03:13 IST" name="initilizeBrowser" finished-at="2026-07-10T01:03:22 IST" duration-ms="8519" status="PASS">
          <params>
            <param index="0">
              <value>
                <![CDATA[chrome]]>
              </value>
            </param>
          </params>
          <reporter-output>
          </reporter-output>
        </test-method> <!-- initilizeBrowser -->
        <test-method signature="verifyWhetherTheUserIsAbleToLogout()[pri:0, instance:testscript.LogoutTest@73a1e9a9]" started-at="2026-07-10T01:03:22 IST" name="verifyWhetherTheUserIsAbleToLogout" finished-at="2026-07-10T01:03:26 IST" duration-ms="3978" status="PASS">
          <reporter-output>
          </reporter-output>
        </test-method> <!-- verifyWhetherTheUserIsAbleToLogout -->
        <test-method is-config="true" signature="closeBrowser()[pri:0, instance:testscript.LogoutTest@73a1e9a9]" started-at="2026-07-10T01:03:26 IST" name="closeBrowser" finished-at="2026-07-10T01:03:26 IST" duration-ms="2" status="PASS">
          <reporter-output>
          </reporter-output>
        </test-method> <!-- closeBrowser -->
      </class> <!-- testscript.LogoutTest -->
    </test> <!-- Test -->
  </suite> <!-- Suite -->
</testng-results>
