<?xml version="1.0" encoding="UTF-8"?>
<!-- Generated by org.testng.reporters.JUnitXMLReporter -->
<testsuite ignored="0" hostname="DESKTOP-TAMFPO2" failures="0" tests="10" name="Test" time="201.727" errors="0" timestamp="2026-07-20T07:23:56 IST">
  <testcase classname="testscript.MobileSliderTest" name="UserIsAbleToCreateNewMobileSlider" time="5.927"/>
  <testcase classname="testscript.ManageNewsTest" name="verifyUserIsAbleToEnterNewNews" time="6.517"/>
  <testcase classname="testscript.ManageLocationTest" name="userIsAbleToAddNewLocation" time="18.943"/>
  <testcase classname="testscript.AdminUserTest" name="verifyUserIsAbleCreateNewUserProfile" time="6.959"/>
  <testcase classname="testscript.CategoryTest" name="userIsAbleToAddNewCategory" time="9.166"/>
  <testcase classname="testscript.LoginTest" name="verifyUserIsAbleToLoginUsingValidCredentials" time="3.031"/>
  <testcase classname="testscript.LoginTest" name="verifyUserIsAbleToLoginWithInValidCredentials" time="2.111"/>
  <testcase classname="testscript.LoginTest" name="verifyUserIsAbleToLoginWithIncorrectPassword" time="1.424"/>
  <testcase classname="testscript.LoginTest" name="verifyUserIsAbleToLoginWithIncorrectUsername" time="2.094"/>
  <testcase classname="testscript.HomePageTest" name="verifyWhetherTheUserIsAbleToLogout" time="19.617"/>
</testsuite> <!-- Test -->
