<?xml version="1.0" encoding="UTF-8"?>
<!-- Generated by org.testng.reporters.JUnitReportReporter -->
<testsuite hostname="DESKTOP-TAMFPO2" failures="0" tests="4" name="testscript.LoginTest" time="66.936" errors="0" timestamp="2026-07-20T07:23:57 IST" skipped="0">
  <testcase classname="testscript.LoginTest" name="verifyUserIsAbleToLoginUsingValidCredentials" time="27.098"/>
  <testcase classname="testscript.LoginTest" name="verifyUserIsAbleToLoginWithInValidCredentials" time="17.417"/>
  <testcase classname="testscript.LoginTest" name="verifyUserIsAbleToLoginWithIncorrectUsername" time="6.975"/>
  <testcase classname="testscript.LoginTest" name="verifyUserIsAbleToLoginWithIncorrectPassword" time="15.446"/>
</testsuite> <!-- testscript.LoginTest -->
