<?xml version="1.0" encoding="UTF-8"?>
<!-- Generated by org.testng.reporters.JUnitReportReporter -->
<testsuite hostname="DESKTOP-TAMFPO2" failures="0" tests="4" name="testscript.LoginTest" time="55.526" errors="0" timestamp="2026-07-10T00:26:24 IST" skipped="0">
  <testcase classname="testscript.LoginTest" name="verifyUserIsAbleToLoginUsingValidCredentials" time="16.312"/>
  <testcase classname="testscript.LoginTest" name="verifyUserIsAbleToLoginWithIncorrectUsername" time="7.736"/>
  <testcase classname="testscript.LoginTest" name="verifyUserIsAbleToLoginWithInValidCredentials" time="8.721"/>
  <testcase classname="testscript.LoginTest" name="verifyUserIsAbleToLoginWithIncorrectPassword" time="22.757"/>
</testsuite> <!-- testscript.LoginTest -->
